\BOOKMARK [0][-]{section*.8}{\376\377\004\027\004\076\004\105\004\070\004\076\004\063\004\107\000\040\004\115\004\100\004\105\004\070\004\071\004\075\000\040\004\105\004\060\004\074\004\063\004\060\004\060\004\073\004\060\004\073}{}% 1
\BOOKMARK [0][-]{section*.8}{\376\377\004\045\004\103\004\100\004\060\004\060\004\075\004\063\004\103\004\071}{}% 2
\BOOKMARK [0][-]{section*.9}{\376\377\004\042\004\060\004\073\004\060\004\100\004\105\004\060\004\073}{}% 3
\BOOKMARK [0][-]{table.11}{\376\377\004\042\004\076\004\062\004\107\004\070\004\073\004\101\004\076\004\075\000\040\004\257\004\063\004\101}{}% 4
\BOOKMARK [0][-]{table.11}{\376\377\004\044\004\070\004\067\004\070\004\072\000\040\004\102\004\076\004\063\004\102\004\074\004\076\004\073\004\103\004\103\004\064}{}% 5
\BOOKMARK [0][-]{table.15}{\376\377\004\042\004\060\004\075\004\070\004\105\000\040\004\102\004\115\004\074\004\064\004\115\004\063\004\102\004\257\004\257\004\064}{}% 6
\BOOKMARK [0][-]{chapter.20}{\376\377\004\021\004\070\004\067\004\075\004\065\004\101\000\040\004\115\004\100\004\105\004\073\004\115\004\063\004\107\004\064\004\070\004\071\004\075\000\040\004\101\004\103\004\100\004\102\004\060\004\073\004\107\004\070\004\073\004\063\004\060\004\060\004\075\004\113\000\040\004\075\004\115\004\063\004\064\004\101\004\115\004\075\000\040\004\062\004\065\004\061\004\070\004\071\004\075\000\040\004\101\004\103\004\064\004\060\004\073\004\063\004\060\004\060}{}% 7
\BOOKMARK [1][-]{section.21}{\376\377\004\045\004\115\004\100\004\115\004\063\004\073\004\115\004\063\004\107\004\070\004\071\004\075\000\040\004\101\004\103\004\064\004\060\004\073\004\063\004\060\004\060}{chapter.20}% 8
\BOOKMARK [1][-]{section.29}{\376\377\004\045\004\351\004\063\004\066\004\257\004\257\004\073\004\115\004\073\004\102\004\115\004\064\000\040\004\060\004\110\004\070\004\063\004\073\004\060\004\105\000\040\004\060\004\073\004\063\004\076\004\100\004\070\004\102\004\074}{chapter.20}% 9
\BOOKMARK [1][-]{section.30}{\376\377\004\042\004\065\004\105\004\075\004\076\004\073\004\076\004\063\004\070\004\071\004\075\000\040\004\101\004\103\004\064\004\060\004\073\004\063\004\060\004\060}{chapter.20}% 10
\BOOKMARK [1][-]{section.31}{\376\377\000L\000a\000r\000a\000v\000e\000l\000\040\004\104\004\100\004\065\004\071\004\074\004\062\004\076\004\100\004\072}{chapter.20}% 11
\BOOKMARK [1][-]{section.32}{\376\377\000M\000y\000S\000Q\000L}{chapter.20}% 12
\BOOKMARK [1][-]{section.33}{\376\377\000P\000h\000p}{chapter.20}% 13
\BOOKMARK [1][-]{section.34}{\376\377\000J\000Q\000u\000e\000r\000y}{chapter.20}% 14
\BOOKMARK [1][-]{section.35}{\376\377\000S\000e\000r\000v\000i\000c\000e}{chapter.20}% 15
\BOOKMARK [1][-]{section.36}{\376\377\004\021\004\257\004\073\004\063\004\070\004\071\004\075\000\040\004\064\004\257\004\063\004\075\004\115\004\073\004\102}{chapter.20}% 16
\BOOKMARK [1][-]{section.37}{\376\377\004\041\004\070\004\101\004\102\004\065\004\074\004\070\004\071\004\075\000\040\004\257\004\071\004\073\000\040\004\060\004\066\004\070\004\073\004\073\004\060\004\063\004\060\004\060\004\075\004\113\000\040\004\102\004\103\004\105\004\060\004\071\000\040\004\064\004\115\004\073\004\063\004\115\004\100\004\115\004\075\004\063\004\257\004\071\000\040}{chapter.20}% 17
\BOOKMARK [1][-]{section.38}{\376\377\004\041\004\070\004\101\004\102\004\065\004\074\004\070\004\071\004\063\000\040\004\060\004\110\004\070\004\063\004\073\004\060\004\105\000\040\004\105\004\115\004\100\004\115\004\063\004\073\004\115\004\063\004\107\004\070\004\064}{chapter.20}% 18
\BOOKMARK [1][-]{section.39}{\376\377\004\044\004\103\004\075\004\072\004\106\004\070\004\076\004\075\004\060\004\073\000\040\004\110\004\060\004\060\004\100\004\064\004\073\004\060\004\063\004\060}{chapter.20}% 19
\BOOKMARK [1][-]{section.52}{\376\377\004\044\004\103\004\075\004\072\004\106\004\070\004\076\004\075\004\060\004\073\000\040\004\061\004\103\004\101\000\040\004\110\004\060\004\060\004\100\004\064\004\073\004\060\004\063\004\060}{chapter.20}% 20
\BOOKMARK [1][-]{section.57}{\376\377\004\056\004\067\004\072\004\065\004\071\004\101\000\040\004\064\004\070\004\060\004\063\004\100\004\060\004\074}{chapter.20}% 21
\BOOKMARK [1][-]{section.59}{\376\377\004\056\004\067\004\072\004\065\004\071\004\101\000\040\004\064\004\070\004\060\004\063\004\100\004\060\004\074\004\113\004\075\000\040\004\102\004\076\004\064\004\076\004\100\004\105\004\076\004\071\004\073\004\076\004\073\004\102}{chapter.20}% 22
\BOOKMARK [1][-]{section.142}{\376\377\004\050\004\070\004\075\004\066\004\070\004\073\004\063\004\115\004\115\004\075\004\070\004\071\000\040\004\072\004\073\004\060\004\101\004\101\000\040\004\064\004\070\004\060\004\063\004\100\004\060\004\074}{chapter.20}% 23
\BOOKMARK [1][-]{section.144}{\376\377\004\050\004\070\004\075\004\066\004\070\004\073\004\063\004\115\004\115\004\075\004\070\004\071\000\040\004\064\004\060\004\100\004\060\004\060\004\073\004\073\004\113\004\075\000\040\004\064\004\070\004\060\004\063\004\100\004\060\004\074}{chapter.20}% 24
\BOOKMARK [1][-]{section.148}{\376\377\004\256\004\071\004\073\000\040\004\060\004\066\004\070\004\073\004\073\004\060\004\063\004\060\004\060\004\075\004\113\000\040\004\064\004\070\004\060\004\063\004\100\004\060\004\074}{chapter.20}% 25
\BOOKMARK [1][-]{section.155}{\376\377\004\021\004\257\004\073\004\063\004\070\004\071\004\075\000\040\004\064\004\257\004\063\004\075\004\115\004\073\004\102}{chapter.20}% 26
\BOOKMARK [0][-]{chapter.156}{\376\377\004\041\004\070\004\101\004\102\004\065\004\074\004\070\004\071\004\075\000\040\004\067\004\076\004\105\004\070\004\076\004\074\004\066}{}% 27
\BOOKMARK [1][-]{section.157}{\376\377\004\350\004\063\004\351\004\063\004\064\004\073\004\070\004\071\004\075\000\040\004\065\004\100\004\351\004\075\004\105\004\070\004\071\000\040\004\101\004\105\004\065\004\074}{chapter.156}% 28
\BOOKMARK [1][-]{section.159}{\376\377\004\032\004\073\004\060\004\101\004\101\000\040\004\064\004\070\004\060\004\063\004\100\004\060\004\074}{chapter.156}% 29
\BOOKMARK [1][-]{section.161}{\376\377\004\024\004\060\004\100\004\060\004\060\004\073\004\073\004\113\004\075\000\040\004\064\004\070\004\060\004\063\004\100\004\060\004\074\000\040}{chapter.156}% 30
\BOOKMARK [1][-]{section.165}{\376\377\004\042\004\351\004\073\004\351\004\062\004\070\004\071\004\075\000\040\004\064\004\070\004\060\004\063\004\100\004\060\004\074\000\040}{chapter.156}% 31
\BOOKMARK [1][-]{section.167}{\376\377\004\045\004\115\004\100\004\115\004\063\004\073\004\115\004\063\004\107\004\070\004\071\004\075\000\040\004\070\004\075\004\102\004\065\004\100\004\104\004\065\004\071\004\101\000\040}{chapter.156}% 32
\BOOKMARK [1][-]{section.168}{\376\377\004\042\004\060\004\071\004\073\004\060\004\075\000,\000\040\004\101\004\102\004\060\004\102\004\070\004\101\004\102\004\070\004\072\000\040\004\257\004\067\004\257\004\257\004\073\004\115\004\073\004\102\004\070\004\071\004\075\000\040\004\067\004\060\004\063\004\062\004\060\004\100\000\040}{chapter.156}% 33
\BOOKMARK [1][-]{section.169}{\376\377\004\021\004\257\004\073\004\063\004\070\004\071\004\075\000\040\004\064\004\257\004\063\004\075\004\115\004\073\004\102}{chapter.156}% 34
\BOOKMARK [1][-]{section.170}{\376\377\004\025\004\100\004\351\004\075\004\105\004\070\004\071\000\040\004\064\004\257\004\063\004\075\004\115\004\073\004\102}{chapter.156}% 35
